<?xml version="1.0" encoding="UTF-8"?>
<testng-results skipped="0" failed="0" ignored="0" total="3" passed="3">
  <reporter-output>
  </reporter-output>
  <suite name="Suite" duration-ms="14487" started-at="2020-04-21T19:14:38 CST" finished-at="2020-04-21T19:14:52 CST">
    <groups>
    </groups>
    <test name="firefoxTest" duration-ms="11507" started-at="2020-04-21T19:14:38 CST" finished-at="2020-04-21T19:14:49 CST">
      <class name="crossB.VerifyTitle">
        <test-method status="PASS" signature="verifypageTitle(java.lang.String)[pri:0, instance:crossB.VerifyTitle@32709393]" name="verifypageTitle" duration-ms="11443" started-at="2020-04-21T19:14:38 CST" finished-at="2020-04-21T19:14:49 CST">
          <params>
            <param index="0">
              <value>
                <![CDATA[firefox]]>
              </value>
            </param>
          </params>
          <reporter-output>
          </reporter-output>
        </test-method> <!-- verifypageTitle -->
      </class> <!-- crossB.VerifyTitle -->
    </test> <!-- firefoxTest -->
    <test name="chromeTest" duration-ms="13481" started-at="2020-04-21T19:14:38 CST" finished-at="2020-04-21T19:14:51 CST">
      <class name="crossB.VerifyTitle">
        <test-method status="PASS" signature="verifypageTitle(java.lang.String)[pri:0, instance:crossB.VerifyTitle@7f13d6e]" name="verifypageTitle" duration-ms="13441" started-at="2020-04-21T19:14:38 CST" finished-at="2020-04-21T19:14:51 CST">
          <params>
            <param index="0">
              <value>
                <![CDATA[chrome]]>
              </value>
            </param>
          </params>
          <reporter-output>
          </reporter-output>
        </test-method> <!-- verifypageTitle -->
      </class> <!-- crossB.VerifyTitle -->
    </test> <!-- chromeTest -->
    <test name="edgeTest" duration-ms="14487" started-at="2020-04-21T19:14:38 CST" finished-at="2020-04-21T19:14:52 CST">
      <class name="crossB.VerifyTitle">
        <test-method status="PASS" signature="verifypageTitle(java.lang.String)[pri:0, instance:crossB.VerifyTitle@10bbd20a]" name="verifypageTitle" duration-ms="14449" started-at="2020-04-21T19:14:38 CST" finished-at="2020-04-21T19:14:52 CST">
          <params>
            <param index="0">
              <value>
                <![CDATA[edge]]>
              </value>
            </param>
          </params>
          <reporter-output>
          </reporter-output>
        </test-method> <!-- verifypageTitle -->
      </class> <!-- crossB.VerifyTitle -->
    </test> <!-- edgeTest -->
  </suite> <!-- Suite -->
</testng-results>
